This is pdfTeX, Version 3.14159265-2.6-1.40.17 (TeX Live 2016) (preloaded format=pdflatex 2016.5.22)  6 APR 2017 15:55
entering extended mode
 restricted \write18 enabled.
 %&-line parsing enabled.
**cuthesis_masters.tex
(./cuthesis_masters.tex
LaTeX2e <2016/03/31>
Babel <3.9r> and hyphenation patterns for 83 language(s) loaded.
(/usr/local/texlive/2016/texmf-dist/tex/latex/base/report.cls
Document Class: report 2014/09/29 v1.4h Standard LaTeX document class
(/usr/local/texlive/2016/texmf-dist/tex/latex/base/size12.clo
File: size12.clo 2014/09/29 v1.4h Standard LaTeX file (size option)
)
\c@part=\count79
\c@chapter=\count80
\c@section=\count81
\c@subsection=\count82
\c@subsubsection=\count83
\c@paragraph=\count84
\c@subparagraph=\count85
\c@figure=\count86
\c@table=\count87
\abovecaptionskip=\skip41
\belowcaptionskip=\skip42
\bibindent=\dimen102
)
(/usr/local/texlive/2016/texmf-dist/tex/latex/url/url.sty
\Urlmuskip=\muskip10
Package: url 2013/09/16  ver 3.4  Verb mode for urls, etc.
)
(/usr/local/texlive/2016/texmf-dist/tex/latex/tools/xspace.sty
Package: xspace 2014/10/28 v1.13 Space after command names (DPC,MH)
)
(/usr/local/texlive/2016/texmf-dist/tex/latex/fancybox/fancybox.sty
Package: fancybox 2010/05/15 1.4

Style option: `fancybox' v1.4 <2010/05/15> (tvz)
\@fancybox=\box26
\shadowsize=\dimen103
\@Sbox=\box27
\do@VerbBox=\toks14
\the@fancyput=\toks15
\this@fancyput=\toks16
\EndVerbatimTokens=\toks17
\Verbatim@Outfile=\write3
\Verbatim@Infile=\read1
) (./cuthesis.sty
Concordia University Thesis Style, Steve Malowany <10 Jan 1992>
                          revised by Stan Swiercz <28 Mar 1995>
                        revised by Patrice Chalin <12 Sep 1995>
                          revised by Stan Swiercz <24 Sep 1996>
) (/usr/local/texlive/2016/texmf-dist/tex/latex/graphics/graphicx.sty
Package: graphicx 2014/10/28 v1.0g Enhanced LaTeX Graphics (DPC,SPQR)

(/usr/local/texlive/2016/texmf-dist/tex/latex/graphics/keyval.sty
Package: keyval 2014/10/28 v1.15 key=value parser (DPC)
\KV@toks@=\toks18
)
(/usr/local/texlive/2016/texmf-dist/tex/latex/graphics/graphics.sty
Package: graphics 2016/05/09 v1.0r Standard LaTeX Graphics (DPC,SPQR)

(/usr/local/texlive/2016/texmf-dist/tex/latex/graphics/trig.sty
Package: trig 2016/01/03 v1.10 sin cos tan (DPC)
)
(/usr/local/texlive/2016/texmf-dist/tex/latex/graphics-cfg/graphics.cfg
File: graphics.cfg 2016/01/02 v1.10 sample graphics configuration
)
Package graphics Info: Driver file: pdftex.def on input line 96.

(/usr/local/texlive/2016/texmf-dist/tex/latex/pdftex-def/pdftex.def
File: pdftex.def 2011/05/27 v0.06d Graphics/color for pdfTeX

(/usr/local/texlive/2016/texmf-dist/tex/generic/oberdiek/infwarerr.sty
Package: infwarerr 2016/05/16 v1.4 Providing info/warning/error messages (HO)
)
(/usr/local/texlive/2016/texmf-dist/tex/generic/oberdiek/ltxcmds.sty
Package: ltxcmds 2016/05/16 v1.23 LaTeX kernel commands for general use (HO)
)
\Gread@gobject=\count88
))
\Gin@req@height=\dimen104
\Gin@req@width=\dimen105
)
(/usr/local/texlive/2016/texmf-dist/tex/latex/booktabs/booktabs.sty
Package: booktabs 2016/04/27 v1.618033 publication quality tables
\heavyrulewidth=\dimen106
\lightrulewidth=\dimen107
\cmidrulewidth=\dimen108
\belowrulesep=\dimen109
\belowbottomsep=\dimen110
\aboverulesep=\dimen111
\abovetopsep=\dimen112
\cmidrulesep=\dimen113
\cmidrulekern=\dimen114
\defaultaddspace=\dimen115
\@cmidla=\count89
\@cmidlb=\count90
\@aboverulesep=\dimen116
\@belowrulesep=\dimen117
\@thisruleclass=\count91
\@lastruleclass=\count92
\@thisrulewidth=\dimen118
)
(/usr/local/texlive/2016/texmf-dist/tex/latex/makecell/makecell.sty
Package: makecell 2009/08/03 V0.1e Managing of Tab Column Heads and Cells

(/usr/local/texlive/2016/texmf-dist/tex/latex/tools/array.sty
Package: array 2014/10/28 v2.4c Tabular extension package (FMi)
\col@sep=\dimen119
\extrarowheight=\dimen120
\NC@list=\toks19
\extratabsurround=\skip43
\backup@length=\skip44
)
\rotheadsize=\dimen121
\c@nlinenum=\count93
\TeXr@lab=\toks20
)
(/usr/local/texlive/2016/texmf-dist/tex/latex/csquotes/csquotes.sty
Package: csquotes 2016/01/31 v5.1g context-sensitive quotations (JAW)

(/usr/local/texlive/2016/texmf-dist/tex/latex/etoolbox/etoolbox.sty
Package: etoolbox 2015/08/02 v2.2a e-TeX tools for LaTeX (JAW)
\etb@tempcnta=\count94
)
\csq@reset=\count95
\csq@gtype=\count96
\csq@glevel=\count97
\csq@qlevel=\count98
\csq@maxlvl=\count99
\csq@tshold=\count100
\csq@ltx@everypar=\toks21

(/usr/local/texlive/2016/texmf-dist/tex/latex/csquotes/csquotes.def
File: csquotes.def 2016/01/31 v5.1g csquotes generic definitions (JAW)
)
Package csquotes Info: Trying to load configuration file 'csquotes.cfg'...
Package csquotes Info: ... configuration file loaded successfully.

(/usr/local/texlive/2016/texmf-dist/tex/latex/csquotes/csquotes.cfg
File: csquotes.cfg 
))
(/usr/local/texlive/2016/texmf-dist/tex/latex/multirow/multirow.sty
\bigstrutjot=\dimen122
)
(/usr/local/texlive/2016/texmf-dist/tex/latex/oberdiek/pdflscape.sty
Package: pdflscape 2016/05/14 v0.11 Display of landscape pages in PDF (HO)

(/usr/local/texlive/2016/texmf-dist/tex/latex/graphics/lscape.sty
Package: lscape 2000/10/22 v3.01 Landscape Pages (DPC)
)
(/usr/local/texlive/2016/texmf-dist/tex/generic/oberdiek/ifpdf.sty
Package: ifpdf 2016/05/14 v3.1 Provides the ifpdf switch
)
Package pdflscape Info: Auto-detected driver: pdftex on input line 81.

(/usr/local/texlive/2016/texmf-dist/tex/generic/ifxetex/ifxetex.sty
Package: ifxetex 2010/09/12 v0.6 Provides ifxetex conditional
))
(/usr/local/texlive/2016/texmf-dist/tex/latex/subfigure/subfigure.sty
Package: subfigure 2002/03/15 v2.1.5 subfigure package
\subfigtopskip=\skip45
\subfigcapskip=\skip46
\subfigcaptopadj=\dimen123
\subfigbottomskip=\skip47
\subfigcapmargin=\dimen124
\subfiglabelskip=\skip48
\c@subfigure=\count101
\c@lofdepth=\count102
\c@subtable=\count103
\c@lotdepth=\count104

****************************************
* Local config file subfigure.cfg used *
****************************************
(/usr/local/texlive/2016/texmf-dist/tex/latex/subfigure/subfigure.cfg)
\subfig@top=\skip49
\subfig@bottom=\skip50
)
(/usr/local/texlive/2016/texmf-dist/tex/latex/graphics/color.sty
Package: color 2016/05/09 v1.1c Standard LaTeX Color (DPC)

(/usr/local/texlive/2016/texmf-dist/tex/latex/graphics-cfg/color.cfg
File: color.cfg 2016/01/02 v1.6 sample color configuration
)
Package color Info: Driver file: pdftex.def on input line 144.
)
(/usr/local/texlive/2016/texmf-dist/tex/latex/xcolor/xcolor.sty
Package: xcolor 2016/05/11 v2.12 LaTeX color extensions (UK)

(/usr/local/texlive/2016/texmf-dist/tex/latex/graphics-cfg/color.cfg
File: color.cfg 2016/01/02 v1.6 sample color configuration
)
Package xcolor Info: Driver file: pdftex.def on input line 225.
LaTeX Info: Redefining \color on input line 709.
Package xcolor Info: Model `cmy' substituted by `cmy0' on input line 1348.
Package xcolor Info: Model `hsb' substituted by `rgb' on input line 1352.
Package xcolor Info: Model `RGB' extended on input line 1364.
Package xcolor Info: Model `HTML' substituted by `rgb' on input line 1366.
Package xcolor Info: Model `Hsb' substituted by `hsb' on input line 1367.
Package xcolor Info: Model `tHsb' substituted by `hsb' on input line 1368.
Package xcolor Info: Model `HSB' substituted by `hsb' on input line 1369.
Package xcolor Info: Model `Gray' substituted by `gray' on input line 1370.
Package xcolor Info: Model `wave' substituted by `hsb' on input line 1371.

(/usr/local/texlive/2016/texmf-dist/tex/latex/graphics/dvipsnam.def
File: dvipsnam.def 2015/12/30 v3.0k Driver-dependent file (DPC,SPQR)
))
(/usr/local/texlive/2016/texmf-dist/tex/latex/adjustbox/adjustbox.sty
Package: adjustbox 2012/05/21 v1.0 Adjusting TeX boxes (trim, clip, ...)

(/usr/local/texlive/2016/texmf-dist/tex/latex/xkeyval/xkeyval.sty
Package: xkeyval 2014/12/03 v2.7a package option processing (HA)

(/usr/local/texlive/2016/texmf-dist/tex/generic/xkeyval/xkeyval.tex
(/usr/local/texlive/2016/texmf-dist/tex/generic/xkeyval/xkvutils.tex
\XKV@toks=\toks22
\XKV@tempa@toks=\toks23
)
\XKV@depth=\count105
File: xkeyval.tex 2014/12/03 v2.7a key=value parser (HA)
))
(/usr/local/texlive/2016/texmf-dist/tex/latex/adjustbox/adjcalc.sty
Package: adjcalc 2012/05/16 v1.1 Provides advanced setlength with multiple back
-ends (calc, etex, pgfmath)
)
(/usr/local/texlive/2016/texmf-dist/tex/latex/adjustbox/trimclip.sty
Package: trimclip 2012/05/16 v1.0 Trim and clip general TeX material

(/usr/local/texlive/2016/texmf-dist/tex/latex/collectbox/collectbox.sty
Package: collectbox 2012/05/17 v0.4b Collect macro arguments as boxes
\collectedbox=\box28
)
\tc@llx=\dimen125
\tc@lly=\dimen126
\tc@urx=\dimen127
\tc@ury=\dimen128
Package trimclip Info: Using driver 'tc-pdftex.def'.

(/usr/local/texlive/2016/texmf-dist/tex/latex/adjustbox/tc-pdftex.def
File: tc-pdftex.def 2012/05/13 v1.0 Clipping driver for pdftex
))
\adjbox@Width=\dimen129
\adjbox@Height=\dimen130
\adjbox@Depth=\dimen131
\adjbox@Totalheight=\dimen132

(/usr/local/texlive/2016/texmf-dist/tex/latex/ifoddpage/ifoddpage.sty
Package: ifoddpage 2016/04/23 v1.1 Conditionals for odd/even page detection
\c@checkoddpage=\count106
)
(/usr/local/texlive/2016/texmf-dist/tex/latex/varwidth/varwidth.sty
Package: varwidth 2009/03/30 ver 0.92;  Variable-width minipages
\@vwid@box=\box29
\sift@deathcycles=\count107
\@vwid@loff=\dimen133
\@vwid@roff=\dimen134
))
(/usr/local/texlive/2016/texmf-dist/tex/latex/mathtools/mathtools.sty
Package: mathtools 2015/11/12 v1.18 mathematical typesetting tools

(/usr/local/texlive/2016/texmf-dist/tex/latex/tools/calc.sty
Package: calc 2014/10/28 v4.3 Infix arithmetic (KKT,FJ)
\calc@Acount=\count108
\calc@Bcount=\count109
\calc@Adimen=\dimen135
\calc@Bdimen=\dimen136
\calc@Askip=\skip51
\calc@Bskip=\skip52
LaTeX Info: Redefining \setlength on input line 80.
LaTeX Info: Redefining \addtolength on input line 81.
\calc@Ccount=\count110
\calc@Cskip=\skip53
)
(/usr/local/texlive/2016/texmf-dist/tex/latex/mathtools/mhsetup.sty
Package: mhsetup 2010/01/21 v1.2a programming setup (MH)
)
(/usr/local/texlive/2016/texmf-dist/tex/latex/amsmath/amsmath.sty
Package: amsmath 2016/03/10 v2.15b AMS math features
\@mathmargin=\skip54

For additional information on amsmath, use the `?' option.
(/usr/local/texlive/2016/texmf-dist/tex/latex/amsmath/amstext.sty
Package: amstext 2000/06/29 v2.01 AMS text

(/usr/local/texlive/2016/texmf-dist/tex/latex/amsmath/amsgen.sty
File: amsgen.sty 1999/11/30 v2.0 generic functions
\@emptytoks=\toks24
\ex@=\dimen137
))
(/usr/local/texlive/2016/texmf-dist/tex/latex/amsmath/amsbsy.sty
Package: amsbsy 1999/11/29 v1.2d Bold Symbols
\pmbraise@=\dimen138
)
(/usr/local/texlive/2016/texmf-dist/tex/latex/amsmath/amsopn.sty
Package: amsopn 2016/03/08 v2.02 operator names
)
\inf@bad=\count111
LaTeX Info: Redefining \frac on input line 199.
\uproot@=\count112
\leftroot@=\count113
LaTeX Info: Redefining \overline on input line 297.
\classnum@=\count114
\DOTSCASE@=\count115
LaTeX Info: Redefining \ldots on input line 394.
LaTeX Info: Redefining \dots on input line 397.
LaTeX Info: Redefining \cdots on input line 518.
\Mathstrutbox@=\box30
\strutbox@=\box31
\big@size=\dimen139
LaTeX Font Info:    Redeclaring font encoding OML on input line 634.
LaTeX Font Info:    Redeclaring font encoding OMS on input line 635.
\macc@depth=\count116
\c@MaxMatrixCols=\count117
\dotsspace@=\muskip11
\c@parentequation=\count118
\dspbrk@lvl=\count119
\tag@help=\toks25
\row@=\count120
\column@=\count121
\maxfields@=\count122
\andhelp@=\toks26
\eqnshift@=\dimen140
\alignsep@=\dimen141
\tagshift@=\dimen142
\tagwidth@=\dimen143
\totwidth@=\dimen144
\lineht@=\dimen145
\@envbody=\toks27
\multlinegap=\skip55
\multlinetaggap=\skip56
\mathdisplay@stack=\toks28
LaTeX Info: Redefining \[ on input line 2739.
LaTeX Info: Redefining \] on input line 2740.
)
LaTeX Info: Thecontrolsequence`\('isalreadyrobust on input line 129.
LaTeX Info: Thecontrolsequence`\)'isalreadyrobust on input line 129.
LaTeX Info: Thecontrolsequence`\['isalreadyrobust on input line 129.
LaTeX Info: Thecontrolsequence`\]'isalreadyrobust on input line 129.
\g_MT_multlinerow_int=\count123
\l_MT_multwidth_dim=\dimen146
\origjot=\skip57
\l_MT_shortvdotswithinadjustabove_dim=\dimen147
\l_MT_shortvdotswithinadjustbelow_dim=\dimen148
\l_MT_above_intertext_sep=\dimen149
\l_MT_below_intertext_sep=\dimen150
\l_MT_above_shortintertext_sep=\dimen151
\l_MT_below_shortintertext_sep=\dimen152
)
(/usr/local/texlive/2016/texmf-dist/tex/latex/appendix/appendix.sty
Package: appendix 2009/09/02 v1.2b extra appendix facilities
\c@@pps=\count124
\c@@ppsavesec=\count125
\c@@ppsaveapp=\count126
)
(/usr/local/texlive/2016/texmf-dist/tex/latex/bclogo/bclogo.sty
Package: bclogo 2016/01/10 v3.1

(/usr/local/texlive/2016/texmf-dist/tex/latex/base/ifthen.sty
Package: ifthen 2014/09/29 v1.1c Standard LaTeX ifthen package (DPC)
)
\bc@invboxh=\skip58
\bc@invboxd=\skip59
\bc@titleLength=\skip60
\logowidth=\skip61

(/usr/local/texlive/2016/texmf-dist/tex/latex/pgf/frontendlayer/tikz.sty
(/usr/local/texlive/2016/texmf-dist/tex/latex/pgf/basiclayer/pgf.sty
(/usr/local/texlive/2016/texmf-dist/tex/latex/pgf/utilities/pgfrcs.sty
(/usr/local/texlive/2016/texmf-dist/tex/generic/pgf/utilities/pgfutil-common.te
x
\pgfutil@everybye=\toks29
\pgfutil@tempdima=\dimen153
\pgfutil@tempdimb=\dimen154

(/usr/local/texlive/2016/texmf-dist/tex/generic/pgf/utilities/pgfutil-common-li
sts.tex))
(/usr/local/texlive/2016/texmf-dist/tex/generic/pgf/utilities/pgfutil-latex.def
\pgfutil@abb=\box32
(/usr/local/texlive/2016/texmf-dist/tex/latex/ms/everyshi.sty
Package: everyshi 2001/05/15 v3.00 EveryShipout Package (MS)
))
(/usr/local/texlive/2016/texmf-dist/tex/generic/pgf/utilities/pgfrcs.code.tex
Package: pgfrcs 2015/08/07 v3.0.1a (rcs-revision 1.31)
))
Package: pgf 2015/08/07 v3.0.1a (rcs-revision 1.15)
(/usr/local/texlive/2016/texmf-dist/tex/latex/pgf/basiclayer/pgfcore.sty
(/usr/local/texlive/2016/texmf-dist/tex/latex/pgf/systemlayer/pgfsys.sty
(/usr/local/texlive/2016/texmf-dist/tex/generic/pgf/systemlayer/pgfsys.code.tex
Package: pgfsys 2014/07/09 v3.0.1a (rcs-revision 1.48)
(/usr/local/texlive/2016/texmf-dist/tex/generic/pgf/utilities/pgfkeys.code.tex
\pgfkeys@pathtoks=\toks30
\pgfkeys@temptoks=\toks31

(/usr/local/texlive/2016/texmf-dist/tex/generic/pgf/utilities/pgfkeysfiltered.c
ode.tex
\pgfkeys@tmptoks=\toks32
))
\pgf@x=\dimen155
\pgf@y=\dimen156
\pgf@xa=\dimen157
\pgf@ya=\dimen158
\pgf@xb=\dimen159
\pgf@yb=\dimen160
\pgf@xc=\dimen161
\pgf@yc=\dimen162
\w@pgf@writea=\write4
\r@pgf@reada=\read2
\c@pgf@counta=\count127
\c@pgf@countb=\count128
\c@pgf@countc=\count129
\c@pgf@countd=\count130
\t@pgf@toka=\toks33
\t@pgf@tokb=\toks34
\t@pgf@tokc=\toks35

(/usr/local/texlive/2016/texmf-dist/tex/generic/pgf/systemlayer/pgf.cfg
File: pgf.cfg 2008/05/14  (rcs-revision 1.7)
)
Driver file for pgf: pgfsys-pdftex.def

(/usr/local/texlive/2016/texmf-dist/tex/generic/pgf/systemlayer/pgfsys-pdftex.d
ef
File: pgfsys-pdftex.def 2014/10/11  (rcs-revision 1.35)

(/usr/local/texlive/2016/texmf-dist/tex/generic/pgf/systemlayer/pgfsys-common-p
df.def
File: pgfsys-common-pdf.def 2013/10/10  (rcs-revision 1.13)
)))
(/usr/local/texlive/2016/texmf-dist/tex/generic/pgf/systemlayer/pgfsyssoftpath.
code.tex
File: pgfsyssoftpath.code.tex 2013/09/09  (rcs-revision 1.9)
\pgfsyssoftpath@smallbuffer@items=\count131
\pgfsyssoftpath@bigbuffer@items=\count132
)
(/usr/local/texlive/2016/texmf-dist/tex/generic/pgf/systemlayer/pgfsysprotocol.
code.tex
File: pgfsysprotocol.code.tex 2006/10/16  (rcs-revision 1.4)
))
(/usr/local/texlive/2016/texmf-dist/tex/generic/pgf/basiclayer/pgfcore.code.tex
Package: pgfcore 2010/04/11 v3.0.1a (rcs-revision 1.7)
(/usr/local/texlive/2016/texmf-dist/tex/generic/pgf/math/pgfmath.code.tex
(/usr/local/texlive/2016/texmf-dist/tex/generic/pgf/math/pgfmathcalc.code.tex
(/usr/local/texlive/2016/texmf-dist/tex/generic/pgf/math/pgfmathutil.code.tex)
(/usr/local/texlive/2016/texmf-dist/tex/generic/pgf/math/pgfmathparser.code.tex
\pgfmath@dimen=\dimen163
\pgfmath@count=\count133
\pgfmath@box=\box33
\pgfmath@toks=\toks36
\pgfmath@stack@operand=\toks37
\pgfmath@stack@operation=\toks38
)
(/usr/local/texlive/2016/texmf-dist/tex/generic/pgf/math/pgfmathfunctions.code.
tex
(/usr/local/texlive/2016/texmf-dist/tex/generic/pgf/math/pgfmathfunctions.basic
.code.tex)
(/usr/local/texlive/2016/texmf-dist/tex/generic/pgf/math/pgfmathfunctions.trigo
nometric.code.tex)
(/usr/local/texlive/2016/texmf-dist/tex/generic/pgf/math/pgfmathfunctions.rando
m.code.tex)
(/usr/local/texlive/2016/texmf-dist/tex/generic/pgf/math/pgfmathfunctions.compa
rison.code.tex)
(/usr/local/texlive/2016/texmf-dist/tex/generic/pgf/math/pgfmathfunctions.base.
code.tex)
(/usr/local/texlive/2016/texmf-dist/tex/generic/pgf/math/pgfmathfunctions.round
.code.tex)
(/usr/local/texlive/2016/texmf-dist/tex/generic/pgf/math/pgfmathfunctions.misc.
code.tex)
(/usr/local/texlive/2016/texmf-dist/tex/generic/pgf/math/pgfmathfunctions.integ
erarithmetics.code.tex)))
(/usr/local/texlive/2016/texmf-dist/tex/generic/pgf/math/pgfmathfloat.code.tex
\c@pgfmathroundto@lastzeros=\count134
))
(/usr/local/texlive/2016/texmf-dist/tex/generic/pgf/basiclayer/pgfcorepoints.co
de.tex
File: pgfcorepoints.code.tex 2013/10/07  (rcs-revision 1.27)
\pgf@picminx=\dimen164
\pgf@picmaxx=\dimen165
\pgf@picminy=\dimen166
\pgf@picmaxy=\dimen167
\pgf@pathminx=\dimen168
\pgf@pathmaxx=\dimen169
\pgf@pathminy=\dimen170
\pgf@pathmaxy=\dimen171
\pgf@xx=\dimen172
\pgf@xy=\dimen173
\pgf@yx=\dimen174
\pgf@yy=\dimen175
\pgf@zx=\dimen176
\pgf@zy=\dimen177
)
(/usr/local/texlive/2016/texmf-dist/tex/generic/pgf/basiclayer/pgfcorepathconst
ruct.code.tex
File: pgfcorepathconstruct.code.tex 2013/10/07  (rcs-revision 1.29)
\pgf@path@lastx=\dimen178
\pgf@path@lasty=\dimen179
)
(/usr/local/texlive/2016/texmf-dist/tex/generic/pgf/basiclayer/pgfcorepathusage
.code.tex
File: pgfcorepathusage.code.tex 2014/11/02  (rcs-revision 1.24)
\pgf@shorten@end@additional=\dimen180
\pgf@shorten@start@additional=\dimen181
)
(/usr/local/texlive/2016/texmf-dist/tex/generic/pgf/basiclayer/pgfcorescopes.co
de.tex
File: pgfcorescopes.code.tex 2015/05/08  (rcs-revision 1.46)
\pgfpic=\box34
\pgf@hbox=\box35
\pgf@layerbox@main=\box36
\pgf@picture@serial@count=\count135
)
(/usr/local/texlive/2016/texmf-dist/tex/generic/pgf/basiclayer/pgfcoregraphicst
ate.code.tex
File: pgfcoregraphicstate.code.tex 2014/11/02  (rcs-revision 1.12)
\pgflinewidth=\dimen182
)
(/usr/local/texlive/2016/texmf-dist/tex/generic/pgf/basiclayer/pgfcoretransform
ations.code.tex
File: pgfcoretransformations.code.tex 2015/08/07  (rcs-revision 1.20)
\pgf@pt@x=\dimen183
\pgf@pt@y=\dimen184
\pgf@pt@temp=\dimen185
)
(/usr/local/texlive/2016/texmf-dist/tex/generic/pgf/basiclayer/pgfcorequick.cod
e.tex
File: pgfcorequick.code.tex 2008/10/09  (rcs-revision 1.3)
)
(/usr/local/texlive/2016/texmf-dist/tex/generic/pgf/basiclayer/pgfcoreobjects.c
ode.tex
File: pgfcoreobjects.code.tex 2006/10/11  (rcs-revision 1.2)
)
(/usr/local/texlive/2016/texmf-dist/tex/generic/pgf/basiclayer/pgfcorepathproce
ssing.code.tex
File: pgfcorepathprocessing.code.tex 2013/09/09  (rcs-revision 1.9)
)
(/usr/local/texlive/2016/texmf-dist/tex/generic/pgf/basiclayer/pgfcorearrows.co
de.tex
File: pgfcorearrows.code.tex 2015/05/14  (rcs-revision 1.43)
\pgfarrowsep=\dimen186
)
(/usr/local/texlive/2016/texmf-dist/tex/generic/pgf/basiclayer/pgfcoreshade.cod
e.tex
File: pgfcoreshade.code.tex 2013/07/15  (rcs-revision 1.15)
\pgf@max=\dimen187
\pgf@sys@shading@range@num=\count136
)
(/usr/local/texlive/2016/texmf-dist/tex/generic/pgf/basiclayer/pgfcoreimage.cod
e.tex
File: pgfcoreimage.code.tex 2013/07/15  (rcs-revision 1.18)

(/usr/local/texlive/2016/texmf-dist/tex/generic/pgf/basiclayer/pgfcoreexternal.
code.tex
File: pgfcoreexternal.code.tex 2014/07/09  (rcs-revision 1.21)
\pgfexternal@startupbox=\box37
))
(/usr/local/texlive/2016/texmf-dist/tex/generic/pgf/basiclayer/pgfcorelayers.co
de.tex
File: pgfcorelayers.code.tex 2013/07/18  (rcs-revision 1.7)
)
(/usr/local/texlive/2016/texmf-dist/tex/generic/pgf/basiclayer/pgfcoretranspare
ncy.code.tex
File: pgfcoretransparency.code.tex 2013/09/30  (rcs-revision 1.5)
)
(/usr/local/texlive/2016/texmf-dist/tex/generic/pgf/basiclayer/pgfcorepatterns.
code.tex
File: pgfcorepatterns.code.tex 2013/11/07  (rcs-revision 1.5)
)))
(/usr/local/texlive/2016/texmf-dist/tex/generic/pgf/modules/pgfmoduleshapes.cod
e.tex
File: pgfmoduleshapes.code.tex 2014/03/21  (rcs-revision 1.35)
\pgfnodeparttextbox=\box38
)
(/usr/local/texlive/2016/texmf-dist/tex/generic/pgf/modules/pgfmoduleplot.code.
tex
File: pgfmoduleplot.code.tex 2015/08/03  (rcs-revision 1.13)
)
(/usr/local/texlive/2016/texmf-dist/tex/latex/pgf/compatibility/pgfcomp-version
-0-65.sty
Package: pgfcomp-version-0-65 2007/07/03 v3.0.1a (rcs-revision 1.7)
\pgf@nodesepstart=\dimen188
\pgf@nodesepend=\dimen189
)
(/usr/local/texlive/2016/texmf-dist/tex/latex/pgf/compatibility/pgfcomp-version
-1-18.sty
Package: pgfcomp-version-1-18 2007/07/23 v3.0.1a (rcs-revision 1.1)
))
(/usr/local/texlive/2016/texmf-dist/tex/latex/pgf/utilities/pgffor.sty
(/usr/local/texlive/2016/texmf-dist/tex/latex/pgf/utilities/pgfkeys.sty
(/usr/local/texlive/2016/texmf-dist/tex/generic/pgf/utilities/pgfkeys.code.tex)
) (/usr/local/texlive/2016/texmf-dist/tex/latex/pgf/math/pgfmath.sty
(/usr/local/texlive/2016/texmf-dist/tex/generic/pgf/math/pgfmath.code.tex))
(/usr/local/texlive/2016/texmf-dist/tex/generic/pgf/utilities/pgffor.code.tex
Package: pgffor 2013/12/13 v3.0.1a (rcs-revision 1.25)

(/usr/local/texlive/2016/texmf-dist/tex/generic/pgf/math/pgfmath.code.tex)
\pgffor@iter=\dimen190
\pgffor@skip=\dimen191
\pgffor@stack=\toks39
\pgffor@toks=\toks40
))
(/usr/local/texlive/2016/texmf-dist/tex/generic/pgf/frontendlayer/tikz/tikz.cod
e.tex
Package: tikz 2015/08/07 v3.0.1a (rcs-revision 1.151)

(/usr/local/texlive/2016/texmf-dist/tex/generic/pgf/libraries/pgflibraryplothan
dlers.code.tex
File: pgflibraryplothandlers.code.tex 2013/08/31 v3.0.1a (rcs-revision 1.20)
\pgf@plot@mark@count=\count137
\pgfplotmarksize=\dimen192
)
\tikz@lastx=\dimen193
\tikz@lasty=\dimen194
\tikz@lastxsaved=\dimen195
\tikz@lastysaved=\dimen196
\tikzleveldistance=\dimen197
\tikzsiblingdistance=\dimen198
\tikz@figbox=\box39
\tikz@figbox@bg=\box40
\tikz@tempbox=\box41
\tikz@tempbox@bg=\box42
\tikztreelevel=\count138
\tikznumberofchildren=\count139
\tikznumberofcurrentchild=\count140
\tikz@fig@count=\count141

(/usr/local/texlive/2016/texmf-dist/tex/generic/pgf/modules/pgfmodulematrix.cod
e.tex
File: pgfmodulematrix.code.tex 2013/09/17  (rcs-revision 1.8)
\pgfmatrixcurrentrow=\count142
\pgfmatrixcurrentcolumn=\count143
\pgf@matrix@numberofcolumns=\count144
)
\tikz@expandcount=\count145

(/usr/local/texlive/2016/texmf-dist/tex/generic/pgf/frontendlayer/tikz/librarie
s/tikzlibrarytopaths.code.tex
File: tikzlibrarytopaths.code.tex 2008/06/17 v3.0.1a (rcs-revision 1.2)
)))
(/usr/local/texlive/2016/texmf-dist/tex/latex/mdframed/mdframed.sty
Package: mdframed 2013/07/01 1.9b: mdframed

(/usr/local/texlive/2016/texmf-dist/tex/latex/oberdiek/kvoptions.sty
Package: kvoptions 2016/05/16 v3.12 Key value format for package options (HO)

(/usr/local/texlive/2016/texmf-dist/tex/generic/oberdiek/kvsetkeys.sty
Package: kvsetkeys 2016/05/16 v1.17 Key value parser (HO)

(/usr/local/texlive/2016/texmf-dist/tex/generic/oberdiek/etexcmds.sty
Package: etexcmds 2016/05/16 v1.6 Avoid name clashes with e-TeX commands (HO)

(/usr/local/texlive/2016/texmf-dist/tex/generic/oberdiek/ifluatex.sty
Package: ifluatex 2016/05/16 v1.4 Provides the ifluatex switch (HO)
Package ifluatex Info: LuaTeX not detected.
)
Package etexcmds Info: Could not find \expanded.
(etexcmds)             That can mean that you are not using pdfTeX 1.50 or
(etexcmds)             that some package has redefined \expanded.
(etexcmds)             In the latter case, load this package earlier.
)))
(/usr/local/texlive/2016/texmf-dist/tex/latex/l3packages/xparse/xparse.sty
(/usr/local/texlive/2016/texmf-dist/tex/latex/l3kernel/expl3.sty
Package: expl3 2016/05/18 v6512 L3 programming layer (loader) 

(/usr/local/texlive/2016/texmf-dist/tex/latex/l3kernel/expl3-code.tex
Package: expl3 2016/05/18 v6512 L3 programming layer (code)
L3 Module: l3bootstrap 2016/02/12 v6412 L3 Bootstrap code
L3 Module: l3names 2016/03/11 v6433 L3 Namespace for primitives
L3 Module: l3basics 2015/11/22 v6315 L3 Basic definitions
L3 Module: l3expan 2015/09/10 v5983 L3 Argument expansion
L3 Module: l3tl 2016/03/26 v6465 L3 Token lists
L3 Module: l3str 2016/03/24 v6441 L3 Strings
L3 Module: l3seq 2015/08/05 v5777 L3 Sequences and stacks
L3 Module: l3int 2016/03/24 v6441 L3 Integers
\c_max_int=\count146
\l_tmpa_int=\count147
\l_tmpb_int=\count148
\g_tmpa_int=\count149
\g_tmpb_int=\count150
L3 Module: l3quark 2015/08/17 v5855 L3 Quarks
L3 Module: l3prg 2015/11/01 v6216 L3 Control structures
\g__prg_map_int=\count151
L3 Module: l3clist 2015/09/02 v5901 L3 Comma separated lists
L3 Module: l3token 2016/04/03 v6470 L3 Experimental token manipulation
L3 Module: l3prop 2016/01/05 v6366 L3 Property lists
L3 Module: l3msg 2016/03/26 v6464 L3 Messages
L3 Module: l3file 2016/03/25 v6458 L3 File and I/O operations
\l_iow_line_count_int=\count152
\l__iow_target_count_int=\count153
\l__iow_current_line_int=\count154
\l__iow_current_word_int=\count155
\l__iow_current_indentation_int=\count156
L3 Module: l3skip 2016/01/05 v6366 L3 Dimensions and skips
\c_zero_dim=\dimen199
\c_max_dim=\dimen256
\l_tmpa_dim=\dimen257
\l_tmpb_dim=\dimen258
\g_tmpa_dim=\dimen259
\g_tmpb_dim=\dimen260
\c_zero_skip=\skip62
\c_max_skip=\skip63
\l_tmpa_skip=\skip64
\l_tmpb_skip=\skip65
\g_tmpa_skip=\skip66
\g_tmpb_skip=\skip67
\c_zero_muskip=\muskip12
\c_max_muskip=\muskip13
\l_tmpa_muskip=\muskip14
\l_tmpb_muskip=\muskip15
\g_tmpa_muskip=\muskip16
\g_tmpb_muskip=\muskip17
L3 Module: l3keys 2015/11/17 v6284 L3 Key-value interfaces
\g__keyval_level_int=\count157
\l_keys_choice_int=\count158
L3 Module: l3fp 2016/03/26 v6465 L3 Floating points
\c__fp_leading_shift_int=\count159
\c__fp_middle_shift_int=\count160
\c__fp_trailing_shift_int=\count161
\c__fp_big_leading_shift_int=\count162
\c__fp_big_middle_shift_int=\count163
\c__fp_big_trailing_shift_int=\count164
\c__fp_Bigg_leading_shift_int=\count165
\c__fp_Bigg_middle_shift_int=\count166
\c__fp_Bigg_trailing_shift_int=\count167
L3 Module: l3box 2015/08/09 v5822 L3 Experimental boxes
\c_empty_box=\box43
\l_tmpa_box=\box44
\l_tmpb_box=\box45
\g_tmpa_box=\box46
\g_tmpb_box=\box47
L3 Module: l3coffins 2016/05/17 v6508 L3 Coffin code layer
\l__coffin_internal_box=\box48
\l__coffin_internal_dim=\dimen261
\l__coffin_offset_x_dim=\dimen262
\l__coffin_offset_y_dim=\dimen263
\l__coffin_x_dim=\dimen264
\l__coffin_y_dim=\dimen265
\l__coffin_x_prime_dim=\dimen266
\l__coffin_y_prime_dim=\dimen267
\c_empty_coffin=\box49
\l__coffin_aligned_coffin=\box50
\l__coffin_aligned_internal_coffin=\box51
\l_tmpa_coffin=\box52
\l_tmpb_coffin=\box53
\l__coffin_display_coffin=\box54
\l__coffin_display_coord_coffin=\box55
\l__coffin_display_pole_coffin=\box56
\l__coffin_display_offset_dim=\dimen268
\l__coffin_display_x_dim=\dimen269
\l__coffin_display_y_dim=\dimen270
L3 Module: l3color 2014/08/23 v5354 L3 Experimental color support
L3 Module: l3sys 2015/09/25 v6087 L3 Experimental system/runtime functions
L3 Module: l3candidates 2016/05/13 v6484 L3 Experimental additions to l3kernel
\l__box_top_dim=\dimen271
\l__box_bottom_dim=\dimen272
\l__box_left_dim=\dimen273
\l__box_right_dim=\dimen274
\l__box_top_new_dim=\dimen275
\l__box_bottom_new_dim=\dimen276
\l__box_left_new_dim=\dimen277
\l__box_right_new_dim=\dimen278
\l__box_internal_box=\box57
\l__coffin_bounding_shift_dim=\dimen279
\l__coffin_left_corner_dim=\dimen280
\l__coffin_right_corner_dim=\dimen281
\l__coffin_bottom_corner_dim=\dimen282
\l__coffin_top_corner_dim=\dimen283
\l__coffin_scaled_total_height_dim=\dimen284
\l__coffin_scaled_width_dim=\dimen285
L3 Module: l3luatex 2016/03/26 v6465 L3 Experimental LuaTeX-specific functions
)
(/usr/local/texlive/2016/texmf-dist/tex/latex/l3kernel/l3pdfmode.def
File: l3pdfmode.def 2016/03/26 v6465 L3 Experimental driver: PDF mode
\l__driver_color_stack_int=\count168
\l__driver_tmp_box=\box58
))
Package: xparse 2016/05/18 v6512 L3 Experimental document command parser
\l__xparse_current_arg_int=\count169
\l__xparse_m_args_int=\count170
\l__xparse_mandatory_args_int=\count171
\l__xparse_processor_int=\count172
\l__xparse_v_nesting_int=\count173
)
(/usr/local/texlive/2016/texmf-dist/tex/latex/oberdiek/zref-abspage.sty
Package: zref-abspage 2016/05/16 v2.25 Module abspage for zref (HO)

(/usr/local/texlive/2016/texmf-dist/tex/latex/oberdiek/zref-base.sty
Package: zref-base 2016/05/16 v2.25 Module base for zref (HO)

(/usr/local/texlive/2016/texmf-dist/tex/generic/oberdiek/kvdefinekeys.sty
Package: kvdefinekeys 2016/05/16 v1.4 Define keys (HO)
)
(/usr/local/texlive/2016/texmf-dist/tex/generic/oberdiek/pdftexcmds.sty
Package: pdftexcmds 2016/05/10 v0.21 Utility functions of pdfTeX for LuaTeX (HO
)
Package pdftexcmds Info: LuaTeX not detected.
Package pdftexcmds Info: \pdf@primitive is available.
Package pdftexcmds Info: \pdf@ifprimitive is available.
Package pdftexcmds Info: \pdfdraftmode found.
)
(/usr/local/texlive/2016/texmf-dist/tex/latex/oberdiek/auxhook.sty
Package: auxhook 2016/05/16 v1.4 Hooks for auxiliary files (HO)
)
Package zref Info: New property list: main on input line 759.
Package zref Info: New property: default on input line 760.
Package zref Info: New property: page on input line 761.
)
(/usr/local/texlive/2016/texmf-dist/tex/generic/oberdiek/atbegshi.sty
Package: atbegshi 2016/05/16 v1.17 At begin shipout hook (HO)
)
\c@abspage=\count174
Package zref Info: New property: abspage on input line 62.
)
(/usr/local/texlive/2016/texmf-dist/tex/latex/needspace/needspace.sty
Package: needspace 2010/09/12 v1.3d reserve vertical space
)
\mdf@templength=\skip68
\c@mdf@globalstyle@cnt=\count175
\mdf@skipabove@length=\skip69
\mdf@skipbelow@length=\skip70
\mdf@leftmargin@length=\skip71
\mdf@rightmargin@length=\skip72
\mdf@innerleftmargin@length=\skip73
\mdf@innerrightmargin@length=\skip74
\mdf@innertopmargin@length=\skip75
\mdf@innerbottommargin@length=\skip76
\mdf@splittopskip@length=\skip77
\mdf@splitbottomskip@length=\skip78
\mdf@outermargin@length=\skip79
\mdf@innermargin@length=\skip80
\mdf@linewidth@length=\skip81
\mdf@innerlinewidth@length=\skip82
\mdf@middlelinewidth@length=\skip83
\mdf@outerlinewidth@length=\skip84
\mdf@roundcorner@length=\skip85
\mdf@footenotedistance@length=\skip86
\mdf@userdefinedwidth@length=\skip87
\mdf@needspace@length=\skip88
\mdf@frametitleaboveskip@length=\skip89
\mdf@frametitlebelowskip@length=\skip90
\mdf@frametitlerulewidth@length=\skip91
\mdf@frametitleleftmargin@length=\skip92
\mdf@frametitlerightmargin@length=\skip93
\mdf@shadowsize@length=\skip94
\mdf@extratopheight@length=\skip95
\mdf@subtitleabovelinewidth@length=\skip96
\mdf@subtitlebelowlinewidth@length=\skip97
\mdf@subtitleaboveskip@length=\skip98
\mdf@subtitlebelowskip@length=\skip99
\mdf@subtitleinneraboveskip@length=\skip100
\mdf@subtitleinnerbelowskip@length=\skip101
\mdf@subsubtitleabovelinewidth@length=\skip102
\mdf@subsubtitlebelowlinewidth@length=\skip103
\mdf@subsubtitleaboveskip@length=\skip104
\mdf@subsubtitlebelowskip@length=\skip105
\mdf@subsubtitleinneraboveskip@length=\skip106
\mdf@subsubtitleinnerbelowskip@length=\skip107

(/usr/local/texlive/2016/texmf-dist/tex/latex/mdframed/md-frame-1.mdf
File: md-frame-1.mdf 2013/07/01\ 1.9b: md-frame-1
)
\mdf@frametitlebox=\box59
\mdf@footnotebox=\box60
\mdf@splitbox@one=\box61
\mdf@splitbox@two=\box62
\mdf@splitbox@save=\box63
\mdfsplitboxwidth=\skip108
\mdfsplitboxtotalwidth=\skip109
\mdfsplitboxheight=\skip110
\mdfsplitboxdepth=\skip111
\mdfsplitboxtotalheight=\skip112
\mdfframetitleboxwidth=\skip113
\mdfframetitleboxtotalwidth=\skip114
\mdfframetitleboxheight=\skip115
\mdfframetitleboxdepth=\skip116
\mdfframetitleboxtotalheight=\skip117
\mdffootnoteboxwidth=\skip118
\mdffootnoteboxtotalwidth=\skip119
\mdffootnoteboxheight=\skip120
\mdffootnoteboxdepth=\skip121
\mdffootnoteboxtotalheight=\skip122
\mdftotallinewidth=\skip123
\mdfboundingboxwidth=\skip124
\mdfboundingboxtotalwidth=\skip125
\mdfboundingboxheight=\skip126
\mdfboundingboxdepth=\skip127
\mdfboundingboxtotalheight=\skip128
\mdf@freevspace@length=\skip129
\mdf@horizontalwidthofbox@length=\skip130
\mdf@verticalmarginwhole@length=\skip131
\mdf@horizontalspaceofbox=\skip132
\mdfsubtitleheight=\skip133
\mdfsubsubtitleheight=\skip134
\c@mdfcountframes=\count176

****** mdframed patching \endmdf@trivlist

****** -- success******

.................................................
. LaTeX info: "xparse/define-command"
. 
. Defining command \newmdtheoremenv with sig. 'O{} m o m o ' on line 601.
.................................................
.................................................
. LaTeX info: "xparse/define-command"
. 
. Defining command \mdtheorem with sig. ' O{} m o m o ' on line 701.
.................................................
\mdf@envdepth=\count177
\c@mdf@env@i=\count178
\c@mdf@env@ii=\count179
\c@mdf@zref@counter=\count180
Package zref Info: New property: mdf@pagevalue on input line 895.
)
(/usr/local/texlive/2016/texmf-dist/tex/generic/pgf/frontendlayer/tikz/librarie
s/tikzlibraryshadows.code.tex
File: tikzlibraryshadows.code.tex 2008/01/13 v3.0.1a (rcs-revision 1.3)

(/usr/local/texlive/2016/texmf-dist/tex/generic/pgf/frontendlayer/tikz/librarie
s/tikzlibraryfadings.code.tex
File: tikzlibraryfadings.code.tex 2009/11/15 v3.0.1a (rcs-revision 1.2)

(/usr/local/texlive/2016/texmf-dist/tex/generic/pgf/libraries/pgflibraryfadings
.code.tex
File: pgflibraryfadings.code.tex 2008/02/07 v3.0.1a (rcs-revision 1.3)
)))
(/usr/local/texlive/2016/texmf-dist/tex/generic/pgf/frontendlayer/tikz/librarie
s/tikzlibrarydecorations.pathmorphing.code.tex
(/usr/local/texlive/2016/texmf-dist/tex/generic/pgf/frontendlayer/tikz/librarie
s/tikzlibrarydecorations.code.tex
(/usr/local/texlive/2016/texmf-dist/tex/generic/pgf/modules/pgfmoduledecoration
s.code.tex
\pgfdecoratedcompleteddistance=\dimen286
\pgfdecoratedremainingdistance=\dimen287
\pgfdecoratedinputsegmentcompleteddistance=\dimen288
\pgfdecoratedinputsegmentremainingdistance=\dimen289
\pgf@decorate@distancetomove=\dimen290
\pgf@decorate@repeatstate=\count181
\pgfdecorationsegmentamplitude=\dimen291
\pgfdecorationsegmentlength=\dimen292
)
\tikz@lib@dec@box=\box64
)
(/usr/local/texlive/2016/texmf-dist/tex/generic/pgf/libraries/decorations/pgfli
brarydecorations.pathmorphing.code.tex))
\c@bclogocompteur=\count182
\bcval@epBarre=\skip135
\bcval@framesep=\skip136
\bcval@tailleOndu=\skip137
\bcval@borderWidth=\skip138
\bcval@margeG=\skip139
\bcval@margeD=\skip140
\bc@envbox=\box65
)
(/usr/local/texlive/2016/texmf-dist/tex/latex/lipsum/lipsum.sty
Package: lipsum 2014/07/27 v1.3 150 paragraphs of Lorem Ipsum dummy text
\c@lips@count=\count183
)
(/usr/local/texlive/2016/texmf-dist/tex/latex/tcolorbox/tcolorbox.sty
Package: tcolorbox 2016/04/27 version 3.91 text color boxes

(/usr/local/texlive/2016/texmf-dist/tex/latex/tools/verbatim.sty
Package: verbatim 2014/10/28 v1.5q LaTeX2e package for verbatim enhancements
\every@verbatim=\toks41
\verbatim@line=\toks42
\verbatim@in@stream=\read3
)
(/usr/local/texlive/2016/texmf-dist/tex/latex/environ/environ.sty
Package: environ 2014/05/04 v0.3 A new way to define environments

(/usr/local/texlive/2016/texmf-dist/tex/latex/trimspaces/trimspaces.sty
Package: trimspaces 2009/09/17 v1.1 Trim spaces around a token list
))
\tcb@titlebox=\box66
\tcb@upperbox=\box67
\tcb@lowerbox=\box68
\tcb@phantombox=\box69
\c@tcbbreakpart=\count184
\c@tcblayer=\count185
\tcolorbox@number=\count186
\tcb@temp=\box70
\tcb@temp=\box71
\tcb@temp=\box72
\tcb@temp=\box73
\tcb@out=\write5
\tcb@record@out=\write6

(/usr/local/texlive/2016/texmf-dist/tex/latex/tcolorbox/tcbraster.code.tex
Library (tcolorbox): 'tcbraster.code.tex' version '3.91'
\c@tcbrastercolumn=\count187
\c@tcbrasterrow=\count188
\c@tcbraster=\count189
) (/usr/local/texlive/2016/texmf-dist/tex/latex/tcolorbox/tcbskins.code.tex
Library (tcolorbox): 'tcbskins.code.tex' version '3.91'
\tcb@waterbox=\box74

(/usr/local/texlive/2016/texmf-dist/tex/latex/tcolorbox/tcbskinsjigsaw.code.tex
Library (tcolorbox): 'tcbskinsjigsaw.code.tex' version '3.91'
))
(/usr/local/texlive/2016/texmf-dist/tex/latex/tcolorbox/tcbbreakable.code.tex
Library (tcolorbox): 'tcbbreakable.code.tex' version '3.91'
\tcb@testbox=\box75
\tcb@totalupperbox=\box76
\tcb@totallowerbox=\box77
) (/usr/local/texlive/2016/texmf-dist/tex/latex/tcolorbox/tcbhooks.code.tex
Library (tcolorbox): 'tcbhooks.code.tex' version '3.91'
) (/usr/local/texlive/2016/texmf-dist/tex/latex/tcolorbox/tcbtheorems.code.tex
Library (tcolorbox): 'tcbtheorems.code.tex' version '3.91'
) (/usr/local/texlive/2016/texmf-dist/tex/latex/tcolorbox/tcbfitting.code.tex
Library (tcolorbox): 'tcbfitting.code.tex' version '3.91'
\tcbfitdim=\dimen293
\tcb@lowerfitdim=\dimen294
\tcb@upperfitdim=\dimen295
\tcb@cur@hbadness=\count190
) (/usr/local/texlive/2016/texmf-dist/tex/latex/tcolorbox/tcbxparse.code.tex
Library (tcolorbox): 'tcbxparse.code.tex' version '3.91'
.................................................
. LaTeX info: "xparse/define-command"
. 
. Defining command \tcboxverb with sig. ' O{} v ' on line 128.
.................................................
.................................................
. LaTeX info: "xparse/define-command"
. 
. Defining command \tcbsidebyside with sig. ' +O{} +m +m ' on line 280.
.................................................
)) (/usr/local/texlive/2016/texmf-dist/tex/latex/caption/caption.sty
Package: caption 2016/02/21 v3.3-144 Customizing captions (AR)

(/usr/local/texlive/2016/texmf-dist/tex/latex/caption/caption3.sty
Package: caption3 2016/02/04 v1.7-139 caption3 kernel (AR)
Package caption3 Info: TeX engine: e-TeX on input line 67.
\captionmargin=\dimen296
\captionmargin@=\dimen297
\captionwidth=\dimen298
\caption@tempdima=\dimen299
\caption@indent=\dimen300
\caption@parindent=\dimen301
\caption@hangindent=\dimen302
)
\c@ContinuedFloat=\count191
Package caption Info: subfigure package is loaded.
)
Package csquotes Info: Checking for multilingual support...
Package csquotes Info: ... none found.

(./cuthesis_masters.aux)
\openout1 = `cuthesis_masters.aux'.

LaTeX Font Info:    Checking defaults for OML/cmm/m/it on input line 107.
LaTeX Font Info:    ... okay on input line 107.
LaTeX Font Info:    Checking defaults for T1/cmr/m/n on input line 107.
LaTeX Font Info:    ... okay on input line 107.
LaTeX Font Info:    Checking defaults for OT1/cmr/m/n on input line 107.
LaTeX Font Info:    ... okay on input line 107.
LaTeX Font Info:    Checking defaults for OMS/cmsy/m/n on input line 107.
LaTeX Font Info:    ... okay on input line 107.
LaTeX Font Info:    Checking defaults for OMX/cmex/m/n on input line 107.
LaTeX Font Info:    ... okay on input line 107.
LaTeX Font Info:    Checking defaults for U/cmr/m/n on input line 107.
LaTeX Font Info:    ... okay on input line 107.

(/usr/local/texlive/2016/texmf-dist/tex/context/base/mkii/supp-pdf.mkii
[Loading MPS to PDF converter (version 2006.09.02).]
\scratchcounter=\count192
\scratchdimen=\dimen303
\scratchbox=\box78
\nofMPsegments=\count193
\nofMParguments=\count194
\everyMPshowfont=\toks43
\MPscratchCnt=\count195
\MPscratchDim=\dimen304
\MPnumerator=\count196
\makeMPintoPDFobject=\count197
\everyMPtoPDFconversion=\toks44
) (/usr/local/texlive/2016/texmf-dist/tex/latex/oberdiek/epstopdf-base.sty
Package: epstopdf-base 2016/05/15 v2.6 Base part for package epstopdf

(/usr/local/texlive/2016/texmf-dist/tex/latex/oberdiek/grfext.sty
Package: grfext 2016/05/16 v1.2 Manage graphics extensions (HO)
)
Package grfext Info: Graphics extension search list:
(grfext)             [.mps,.png,.pdf,.jpg,.mps,.jpeg,.jbig2,.jb2,.PNG,.PDF,.JPG
,.JPEG,.JBIG2,.JB2,.eps]
(grfext)             \AppendGraphicsExtensions on input line 456.

(/usr/local/texlive/2016/texmf-dist/tex/latex/latexconfig/epstopdf-sys.cfg
File: epstopdf-sys.cfg 2010/07/13 v1.3 Configuration of (r)epstopdf for TeX Liv
e
))
ABD: EveryShipout initializing macros
\AtBeginShipoutBox=\box79
Package caption Info: Begin \AtBeginDocument code.
Package caption Info: End \AtBeginDocument code.
LaTeX Font Info:    Try loading font information for OMS+cmr on input line 109.


(/usr/local/texlive/2016/texmf-dist/tex/latex/base/omscmr.fd
File: omscmr.fd 2014/09/29 v2.5h Standard LaTeX font definitions
)
LaTeX Font Info:    Font shape `OMS/cmr/m/sc' in size <12> not available
(Font)              Font shape `OMS/cmsy/m/n' tried instead on input line 109.
LaTeX Font Info:    Font shape `OMS/cmr/m/n' in size <12> not available
(Font)              Font shape `OMS/cmsy/m/n' tried instead on input line 109.
 [1

{/usr/local/texlive/2016/texmf-var/fonts/map/pdftex/updmap/pdftex.map}]
Underfull \hbox (badness 10000) in paragraph at lines 109--109

 []


Underfull \hbox (badness 10000) in paragraph at lines 109--109

 []


Underfull \hbox (badness 10000) in paragraph at lines 109--109

 []


Underfull \hbox (badness 10000) in paragraph at lines 109--109

 []


Overfull \hbox (45.97351pt too wide) in paragraph at lines 109--109
|  []
 []


Underfull \hbox (badness 10000) in paragraph at lines 109--109

 []

[2] [3] [4] [5

] [6

]
Missing character: There is no â in font cmti12!
Missing character: There is no € in font cmti12!
Missing character: There is no ™ in font cmti12!
 [7

] (./cuthesis_masters.toc [8

] [9])
\tf@toc=\write7
\openout7 = `cuthesis_masters.toc'.

 [10]
(./cuthesis_masters.lof [11

])
\tf@lof=\write8
\openout8 = `cuthesis_masters.lof'.

 [12] (./cuthesis_masters.lot)
\tf@lot=\write9
\openout9 = `cuthesis_masters.lot'.

 [13

]
Chapter 1.
(./introduction.tex [1

] [2] [3] [4]) [5]
Chapter 2.
(./literature_review.tex
Underfull \hbox (badness 10000) in paragraph at lines 5--6

 []

[6

]
Underfull \hbox (badness 10000) in paragraph at lines 17--18

 []


Underfull \hbox (badness 10000) in paragraph at lines 19--20

 []

[7]
Underfull \hbox (badness 10000) in paragraph at lines 35--38

 []

[8] <figures/chapter2/technicalDebtQuadrant.png, id=103, 513.92pt x 385.44pt>
File: figures/chapter2/technicalDebtQuadrant.png Graphic file (type png)

<use figures/chapter2/technicalDebtQuadrant.png>
Package pdftex.def Info: figures/chapter2/technicalDebtQuadrant.png used on inp
ut line 41.
(pdftex.def)             Requested size: 256.0748pt x 192.05493pt.
 [9] [10 <./figures/chapter2/technicalDebtQuadrant.png (PNG copy)>]
Underfull \hbox (badness 10000) in paragraph at lines 64--65

 []

[11]
Underfull \hbox (badness 10000) in paragraph at lines 66--67

 []


Underfull \hbox (badness 10000) in paragraph at lines 68--69

 []


Underfull \hbox (badness 10000) in paragraph at lines 76--77

 []

[12] [13]
Underfull \hbox (badness 10000) in paragraph at lines 87--88

 []

[14]
Underfull \hbox (badness 10000) in paragraph at lines 89--90

 []


Underfull \hbox (badness 10000) in paragraph at lines 91--92

 []

[15] [16]
Missing character: There is no Ã in font cmr12!
Missing character: There is no ¤ in font cmr12!
Missing character: There is no Ã in font cmr12!
Missing character: There is no ¤ in font cmr12!
) [17]
Chapter 3.
(./chapter3.tex [18

] [19]
Underfull \hbox (badness 10000) in paragraph at lines 44--46

 []


Underfull \hbox (badness 10000) in paragraph at lines 46--48

 []

[20]

pdfTeX warning: /Library/TeX/texbin/pdflatex (file ./figures/chapter3/approach.
pdf): PDF inclusion: found PDF version <1.7>, but at most version <1.5> allowed

<figures/chapter3/approach.pdf, id=142, 478.78876pt x 135.50626pt>
File: figures/chapter3/approach.pdf Graphic file (type pdf)

<use figures/chapter3/approach.pdf>
Package pdftex.def Info: figures/chapter3/approach.pdf used on input line 59.
(pdftex.def)             Requested size: 426.79134pt x 120.79039pt.

Underfull \hbox (badness 10000) in paragraph at lines 68--69

 []

[21 <./figures/chapter3/approach.pdf>] [22] [23] [24]

pdfTeX warning: /Library/TeX/texbin/pdflatex (file ./figures/chapter3/bug-fixin
g-change.pdf): PDF inclusion: found PDF version <1.7>, but at most version <1.5
> allowed
<figures/chapter3/bug-fixing-change.pdf, id=163, 483.8075pt x 237.88875pt>
File: figures/chapter3/bug-fixing-change.pdf Graphic file (type pdf)

<use figures/chapter3/bug-fixing-change.pdf>
Package pdftex.def Info: figures/chapter3/bug-fixing-change.pdf used on input l
ine 158.
(pdftex.def)             Requested size: 426.79134pt x 209.8618pt.


LaTeX Warning: `h' float specifier changed to `ht'.

[25] <figures/chapter3/rq1_correction.pdf, id=168, 614.295pt x 794.97pt>
File: figures/chapter3/rq1_correction.pdf Graphic file (type pdf)

<use figures/chapter3/rq1_correction.pdf>
Package pdftex.def Info: figures/chapter3/rq1_correction.pdf used on input line
 174.
(pdftex.def)             Requested size: 284.52756pt x 368.21373pt.
 [26 <./figures/chapter3/bug-fixing-change.pdf>] [27 <./figures/chapter3/rq1_co
rrection.pdf>]
<figures/chapter3/rq1-2_correction.pdf, id=225, 614.295pt x 794.97pt>
File: figures/chapter3/rq1-2_correction.pdf Graphic file (type pdf)

<use figures/chapter3/rq1-2_correction.pdf>
Package pdftex.def Info: figures/chapter3/rq1-2_correction.pdf used on input li
ne 198.
(pdftex.def)             Requested size: 284.52756pt x 368.21373pt.
 [28] [29 <./figures/chapter3/rq1-2_correction.pdf>] [30]
<figures/chapter3/bug_inducing_changes.pdf, id=289, 614.295pt x 794.97pt>
File: figures/chapter3/bug_inducing_changes.pdf Graphic file (type pdf)

<use figures/chapter3/bug_inducing_changes.pdf>
Package pdftex.def Info: figures/chapter3/bug_inducing_changes.pdf used on inpu
t line 246.
(pdftex.def)             Requested size: 284.52756pt x 368.21373pt.
 [31] [32 <./figures/chapter3/bug_inducing_changes.pdf>]
Overfull \hbox (11.32762pt too wide) in paragraph at lines 278--288
 [][] 
 []

[33]
<figures/chapter3/churn_for_all_projects.pdf, id=305, 614.295pt x 794.97pt>
File: figures/chapter3/churn_for_all_projects.pdf Graphic file (type pdf)

<use figures/chapter3/churn_for_all_projects.pdf>
Package pdftex.def Info: figures/chapter3/churn_for_all_projects.pdf used on in
put line 305.
(pdftex.def)             Requested size: 284.52756pt x 368.21373pt.

<figures/chapter3/number_of_files_changed_all_projects.pdf, id=306, 614.295pt x
 794.97pt>
File: figures/chapter3/number_of_files_changed_all_projects.pdf Graphic file (t
ype pdf)
 <use figures/chapter3/number_of_files_changed_all_projects.pdf>
Package pdftex.def Info: figures/chapter3/number_of_files_changed_all_projects.
pdf used on input line 315.
(pdftex.def)             Requested size: 284.52756pt x 368.21373pt.

<figures/chapter3/number_of_directories.pdf, id=307, 614.295pt x 794.97pt>
File: figures/chapter3/number_of_directories.pdf Graphic file (type pdf)

<use figures/chapter3/number_of_directories.pdf>
Package pdftex.def Info: figures/chapter3/number_of_directories.pdf used on inp
ut line 322.
(pdftex.def)             Requested size: 284.52756pt x 368.21373pt.

<figures/chapter3/entropy_for_all_projects.pdf, id=308, 614.295pt x 794.97pt>
File: figures/chapter3/entropy_for_all_projects.pdf Graphic file (type pdf)

<use figures/chapter3/entropy_for_all_projects.pdf>
Package pdftex.def Info: figures/chapter3/entropy_for_all_projects.pdf used on 
input line 330.
(pdftex.def)             Requested size: 284.52756pt x 368.21373pt.
 [34] [35 <./figures/chapter3/churn_for_all_projects.pdf>] [36 <./figures/chapt
er3/number_of_files_changed_all_projects.pdf>] [37 <./figures/chapter3/number_o
f_directories.pdf>] [38 <./figures/chapter3/entropy_for_all_projects.pdf>] [39]
 [40]) [41]
Chapter 4.
(./chapter4.tex [42

] [43] [44]

pdfTeX warning: /Library/TeX/texbin/pdflatex (file ./figures/chapter4/approach.
pdf): PDF inclusion: found PDF version <1.7>, but at most version <1.5> allowed

<figures/chapter4/approach.pdf, id=523, 480.79625pt x 250.9375pt>
File: figures/chapter4/approach.pdf Graphic file (type pdf)

<use figures/chapter4/approach.pdf>
Package pdftex.def Info: figures/chapter4/approach.pdf used on input line 57.
(pdftex.def)             Requested size: 426.79134pt x 222.75548pt.
 [45 <./figures/chapter4/approach.pdf>]
[46]
Missing character: There is no â in font cmr10!
Missing character: There is no € in font cmr10!
Missing character: There is no Ž in font cmr10!
Missing character: There is no â in font cmr10!
Missing character: There is no € in font cmr10!
Missing character: There is no Ž in font cmr10!


LaTeX Warning: Float too large for page by 29.50816pt on input line 109.

[47]
Missing character: There is no â in font cmr10!
Missing character: There is no € in font cmr10!
Missing character: There is no Ž in font cmr10!
Missing character: There is no â in font cmr10!
Missing character: There is no € in font cmr10!
Missing character: There is no Ž in font cmr10!


LaTeX Warning: Float too large for page by 24.20638pt on input line 154.

[48] [49




] [50] [51]

LaTeX Warning: Float too large for page by 55.98866pt on input line 242.

[52]

LaTeX Warning: Float too large for page by 50.57317pt on input line 288.

[53]
Overfull \hbox (12.25095pt too wide) detected at line 313
\OML/cmm/m/it/12 GodClass\OT1/cmr/m/n/12 (\OML/cmm/m/it/12 C\OT1/cmr/m/n/12 ) =
 []
 []

[54




] [55] [56] [57]
<figures/chapter4/rq1_defectivness_distrubution_new.pdf, id=573, 623.32875pt x 
456.70625pt>
File: figures/chapter4/rq1_defectivness_distrubution_new.pdf Graphic file (type
 pdf)
 <use figures/chapter4/rq1_defectivness_distrubution_new.pdf>
Package pdftex.def Info: figures/chapter4/rq1_defectivness_distrubution_new.pdf
 used on input line 376.
(pdftex.def)             Requested size: 398.33858pt x 291.85893pt.

[58 <./figures/chapter4/rq1_defectivness_distrubution_new.pdf>] [59] [60]
<figures/chapter4/rq2_new.pdf, id=590, 623.32875pt x 456.70625pt>
File: figures/chapter4/rq2_new.pdf Graphic file (type pdf)

<use figures/chapter4/rq2_new.pdf>
Package pdftex.def Info: figures/chapter4/rq2_new.pdf used on input line 416.
(pdftex.def)             Requested size: 398.33858pt x 291.85893pt.
 [61 <./figures/chapter4/rq2_new.pdf>]
Underfull \hbox (badness 10000) in paragraph at lines 425--427

 []

<figures/chapter4/rq3_churn.pdf, id=600, 623.32875pt x 456.70625pt>
File: figures/chapter4/rq3_churn.pdf Graphic file (type pdf)

<use figures/chapter4/rq3_churn.pdf>
Package pdftex.def Info: figures/chapter4/rq3_churn.pdf used on input line 438.

(pdftex.def)             Requested size: 341.43306pt x 250.1648pt.

<figures/chapter4/rq3_nf.pdf, id=601, 623.32875pt x 456.70625pt>
File: figures/chapter4/rq3_nf.pdf Graphic file (type pdf)

<use figures/chapter4/rq3_nf.pdf>
Package pdftex.def Info: figures/chapter4/rq3_nf.pdf used on input line 447.
(pdftex.def)             Requested size: 341.43306pt x 250.1648pt.

<figures/chapter4/rq3_nd.pdf, id=602, 623.32875pt x 456.70625pt>
File: figures/chapter4/rq3_nd.pdf Graphic file (type pdf)

<use figures/chapter4/rq3_nd.pdf>
Package pdftex.def Info: figures/chapter4/rq3_nd.pdf used on input line 454.
(pdftex.def)             Requested size: 341.43306pt x 250.1648pt.

<figures/chapter4/rq3_entropy.pdf, id=603, 623.32875pt x 456.70625pt>
File: figures/chapter4/rq3_entropy.pdf Graphic file (type pdf)

<use figures/chapter4/rq3_entropy.pdf>
Package pdftex.def Info: figures/chapter4/rq3_entropy.pdf used on input line 46
3.
(pdftex.def)             Requested size: 341.43306pt x 250.1648pt.

Underfull \hbox (badness 10000) in paragraph at lines 474--476

 []

[62] [63 <./figures/chapter4/rq3_churn.pdf> <./figures/chapter4/rq3_nf.pdf>]
[64 <./figures/chapter4/rq3_nd.pdf> <./figures/chapter4/rq3_entropy.pdf>]
[65]

LaTeX Warning: Float too large for page by 65.34143pt on input line 540.

[66]

LaTeX Warning: Float too large for page by 65.34143pt on input line 640.

[67] [68




] [69] [70] [71] [72]) [73]
Chapter 5.
(./conclusion.tex [74

] [75]) (./appendix.tex [76]
Appendix A.
<figures/chapter4/RQ1_boxplots_god_1.pdf, id=676, 701.62125pt x 623.32875pt>
File: figures/chapter4/RQ1_boxplots_god_1.pdf Graphic file (type pdf)

<use figures/chapter4/RQ1_boxplots_god_1.pdf>
Package pdftex.def Info: figures/chapter4/RQ1_boxplots_god_1.pdf used on input 
line 6.
(pdftex.def)             Requested size: 341.43306pt x 303.3413pt.

<figures/chapter4/RQ1_boxplots_god_2.pdf, id=677, 701.62125pt x 623.32875pt>
File: figures/chapter4/RQ1_boxplots_god_2.pdf Graphic file (type pdf)

<use figures/chapter4/RQ1_boxplots_god_2.pdf>
Package pdftex.def Info: figures/chapter4/RQ1_boxplots_god_2.pdf used on input 
line 7.
(pdftex.def)             Requested size: 341.43306pt x 303.3413pt.


LaTeX Warning: Float too large for page by 8.52017pt on input line 10.

<figures/chapter4/RQ1_boxplots_td_1.pdf, id=678, 701.62125pt x 623.32875pt>
File: figures/chapter4/RQ1_boxplots_td_1.pdf Graphic file (type pdf)

<use figures/chapter4/RQ1_boxplots_td_1.pdf>
Package pdftex.def Info: figures/chapter4/RQ1_boxplots_td_1.pdf used on input l
ine 16.
(pdftex.def)             Requested size: 341.43306pt x 303.3413pt.

<figures/chapter4/RQ1_boxplots_td_2.pdf, id=679, 701.62125pt x 623.32875pt>
File: figures/chapter4/RQ1_boxplots_td_2.pdf Graphic file (type pdf)

<use figures/chapter4/RQ1_boxplots_td_2.pdf>
Package pdftex.def Info: figures/chapter4/RQ1_boxplots_td_2.pdf used on input l
ine 17.
(pdftex.def)             Requested size: 341.43306pt x 303.3413pt.


LaTeX Warning: Float too large for page by 8.52017pt on input line 20.

[77

] [78 <./figures/chapter4/RQ1_boxplots_god_1.pdf> <./figures/chapter4/RQ1_boxpl
ots_god_2.pdf>] [79 <./figures/chapter4/RQ1_boxplots_td_1.pdf> <./figures/chapt
er4/RQ1_boxplots_td_2.pdf>]
Appendix B.
<figures/chapter4/rq2_god_boxplots_1.pdf, id=714, 701.62125pt x 623.32875pt>
File: figures/chapter4/rq2_god_boxplots_1.pdf Graphic file (type pdf)

<use figures/chapter4/rq2_god_boxplots_1.pdf>
Package pdftex.def Info: figures/chapter4/rq2_god_boxplots_1.pdf used on input 
line 29.
(pdftex.def)             Requested size: 341.43306pt x 303.3413pt.

<figures/chapter4/rq2_god_boxplots_2.pdf, id=715, 701.62125pt x 623.32875pt>
File: figures/chapter4/rq2_god_boxplots_2.pdf Graphic file (type pdf)

<use figures/chapter4/rq2_god_boxplots_2.pdf>
Package pdftex.def Info: figures/chapter4/rq2_god_boxplots_2.pdf used on input 
line 30.
(pdftex.def)             Requested size: 341.43306pt x 303.3413pt.


LaTeX Warning: Float too large for page by 8.52017pt on input line 33.

<figures/chapter4/rq2_boxplots_1.pdf, id=716, 701.62125pt x 623.32875pt>
File: figures/chapter4/rq2_boxplots_1.pdf Graphic file (type pdf)

<use figures/chapter4/rq2_boxplots_1.pdf>
Package pdftex.def Info: figures/chapter4/rq2_boxplots_1.pdf used on input line
 38.
(pdftex.def)             Requested size: 341.43306pt x 303.3413pt.

<figures/chapter4/rq2_boxplots_2.pdf, id=717, 701.62125pt x 623.32875pt>
File: figures/chapter4/rq2_boxplots_2.pdf Graphic file (type pdf)

<use figures/chapter4/rq2_boxplots_2.pdf>
Package pdftex.def Info: figures/chapter4/rq2_boxplots_2.pdf used on input line
 39.
(pdftex.def)             Requested size: 341.43306pt x 303.3413pt.


LaTeX Warning: Float too large for page by 8.52017pt on input line 42.

[80

] [81 <./figures/chapter4/rq2_god_boxplots_1.pdf> <./figures/chapter4/rq2_god_b
oxplots_2.pdf>] [82 <./figures/chapter4/rq2_boxplots_1.pdf> <./figures/chapter4
/rq2_boxplots_2.pdf>]
Appendix C.

<figures/chapter4/rq3_god_churn_logged_1.pdf, id=751, 701.62125pt x 623.32875pt
>
File: figures/chapter4/rq3_god_churn_logged_1.pdf Graphic file (type pdf)
 <use figures/chapter4/rq3_god_churn_logged_1.pdf>
Package pdftex.def Info: figures/chapter4/rq3_god_churn_logged_1.pdf used on in
put line 51.
(pdftex.def)             Requested size: 341.43306pt x 303.3413pt.

<figures/chapter4/rq3_god_churn_logged_2.pdf, id=752, 701.62125pt x 623.32875pt
>
File: figures/chapter4/rq3_god_churn_logged_2.pdf Graphic file (type pdf)
 <use figures/chapter4/rq3_god_churn_logged_2.pdf>
Package pdftex.def Info: figures/chapter4/rq3_god_churn_logged_2.pdf used on in
put line 52.
(pdftex.def)             Requested size: 341.43306pt x 303.3413pt.


LaTeX Warning: Float too large for page by 8.52017pt on input line 55.


<figures/chapter4/rq3_td_churn_logged_1.pdf, id=753, 701.62125pt x 623.32875pt>
File: figures/chapter4/rq3_td_churn_logged_1.pdf Graphic file (type pdf)
<use figures/chapter4/rq3_td_churn_logged_1.pdf>
Package pdftex.def Info: figures/chapter4/rq3_td_churn_logged_1.pdf used on inp
ut line 60.
(pdftex.def)             Requested size: 341.43306pt x 303.3413pt.

<figures/chapter4/rq3_td_churn_logged_2.pdf, id=754, 701.62125pt x 623.32875pt>
File: figures/chapter4/rq3_td_churn_logged_2.pdf Graphic file (type pdf)
<use figures/chapter4/rq3_td_churn_logged_2.pdf>
Package pdftex.def Info: figures/chapter4/rq3_td_churn_logged_2.pdf used on inp
ut line 61.
(pdftex.def)             Requested size: 341.43306pt x 303.3413pt.


LaTeX Warning: Float too large for page by 8.52017pt on input line 64.

<figures/chapter4/rq3_god_nd_logged_1.pdf, id=755, 701.62125pt x 623.32875pt>
File: figures/chapter4/rq3_god_nd_logged_1.pdf Graphic file (type pdf)

<use figures/chapter4/rq3_god_nd_logged_1.pdf>
Package pdftex.def Info: figures/chapter4/rq3_god_nd_logged_1.pdf used on input
 line 69.
(pdftex.def)             Requested size: 341.43306pt x 303.3413pt.

<figures/chapter4/rq3_god_nd_logged_2.pdf, id=756, 701.62125pt x 623.32875pt>
File: figures/chapter4/rq3_god_nd_logged_2.pdf Graphic file (type pdf)

<use figures/chapter4/rq3_god_nd_logged_2.pdf>
Package pdftex.def Info: figures/chapter4/rq3_god_nd_logged_2.pdf used on input
 line 70.
(pdftex.def)             Requested size: 341.43306pt x 303.3413pt.


LaTeX Warning: Float too large for page by 8.52017pt on input line 73.

<figures/chapter4/rq3_td_nd_logged_1.pdf, id=757, 701.62125pt x 623.32875pt>
File: figures/chapter4/rq3_td_nd_logged_1.pdf Graphic file (type pdf)

<use figures/chapter4/rq3_td_nd_logged_1.pdf>
Package pdftex.def Info: figures/chapter4/rq3_td_nd_logged_1.pdf used on input 
line 78.
(pdftex.def)             Requested size: 341.43306pt x 303.3413pt.

<figures/chapter4/rq3_td_nd_logged_2.pdf, id=758, 701.62125pt x 623.32875pt>
File: figures/chapter4/rq3_td_nd_logged_2.pdf Graphic file (type pdf)

<use figures/chapter4/rq3_td_nd_logged_2.pdf>
Package pdftex.def Info: figures/chapter4/rq3_td_nd_logged_2.pdf used on input 
line 79.
(pdftex.def)             Requested size: 341.43306pt x 303.3413pt.


LaTeX Warning: Float too large for page by 8.52017pt on input line 82.

<figures/chapter4/rq3_god_nf_logged_1.pdf, id=759, 701.62125pt x 623.32875pt>
File: figures/chapter4/rq3_god_nf_logged_1.pdf Graphic file (type pdf)

<use figures/chapter4/rq3_god_nf_logged_1.pdf>
Package pdftex.def Info: figures/chapter4/rq3_god_nf_logged_1.pdf used on input
 line 88.
(pdftex.def)             Requested size: 341.43306pt x 303.3413pt.

<figures/chapter4/rq3_god_nf_logged_2.pdf, id=760, 701.62125pt x 623.32875pt>
File: figures/chapter4/rq3_god_nf_logged_2.pdf Graphic file (type pdf)

<use figures/chapter4/rq3_god_nf_logged_2.pdf>
Package pdftex.def Info: figures/chapter4/rq3_god_nf_logged_2.pdf used on input
 line 89.
(pdftex.def)             Requested size: 341.43306pt x 303.3413pt.


LaTeX Warning: Float too large for page by 8.52017pt on input line 92.

<figures/chapter4/rq3_td_nf_logged_1.pdf, id=761, 701.62125pt x 623.32875pt>
File: figures/chapter4/rq3_td_nf_logged_1.pdf Graphic file (type pdf)

<use figures/chapter4/rq3_td_nf_logged_1.pdf>
Package pdftex.def Info: figures/chapter4/rq3_td_nf_logged_1.pdf used on input 
line 97.
(pdftex.def)             Requested size: 341.43306pt x 303.3413pt.

<figures/chapter4/rq3_td_nf_logged_2.pdf, id=762, 701.62125pt x 623.32875pt>
File: figures/chapter4/rq3_td_nf_logged_2.pdf Graphic file (type pdf)

<use figures/chapter4/rq3_td_nf_logged_2.pdf>
Package pdftex.def Info: figures/chapter4/rq3_td_nf_logged_2.pdf used on input 
line 98.
(pdftex.def)             Requested size: 341.43306pt x 303.3413pt.


LaTeX Warning: Float too large for page by 8.52017pt on input line 101.


<figures/chapter4/rq3_god_entropy_logged_1.pdf, id=763, 701.62125pt x 623.32875
pt>
File: figures/chapter4/rq3_god_entropy_logged_1.pdf Graphic file (type pdf)
 <use figures/chapter4/rq3_god_entropy_logged_1.pdf>
Package pdftex.def Info: figures/chapter4/rq3_god_entropy_logged_1.pdf used on 
input line 106.
(pdftex.def)             Requested size: 341.43306pt x 303.3413pt.

<figures/chapter4/rq3_god_entropy_logged_2.pdf, id=764, 701.62125pt x 623.32875
pt>
File: figures/chapter4/rq3_god_entropy_logged_2.pdf Graphic file (type pdf)
 <use figures/chapter4/rq3_god_entropy_logged_2.pdf>
Package pdftex.def Info: figures/chapter4/rq3_god_entropy_logged_2.pdf used on 
input line 107.
(pdftex.def)             Requested size: 341.43306pt x 303.3413pt.


LaTeX Warning: Float too large for page by 8.52017pt on input line 110.


<figures/chapter4/rq3_td_entropy_logged_1.pdf, id=765, 701.62125pt x 623.32875p
t>
File: figures/chapter4/rq3_td_entropy_logged_1.pdf Graphic file (type pdf)
 <use figures/chapter4/rq3_td_entropy_logged_1.pdf>
Package pdftex.def Info: figures/chapter4/rq3_td_entropy_logged_1.pdf used on i
nput line 115.
(pdftex.def)             Requested size: 341.43306pt x 303.3413pt.

<figures/chapter4/rq3_td_entropy_logged_2.pdf, id=766, 701.62125pt x 623.32875p
t>
File: figures/chapter4/rq3_td_entropy_logged_2.pdf Graphic file (type pdf)
 <use figures/chapter4/rq3_td_entropy_logged_2.pdf>
Package pdftex.def Info: figures/chapter4/rq3_td_entropy_logged_2.pdf used on i
nput line 116.
(pdftex.def)             Requested size: 341.43306pt x 303.3413pt.


LaTeX Warning: Float too large for page by 8.52017pt on input line 119.

) (./cuthesis_masters.bbl [83

] [84 <./figures/chapter4/rq3_god_churn_logged_1.pdf> <./figures/chapter4/rq3_g
od_churn_logged_2.pdf>] [85 <./figures/chapter4/rq3_td_churn_logged_1.pdf> <./f
igures/chapter4/rq3_td_churn_logged_2.pdf>]
[86 <./figures/chapter4/rq3_god_nd_logged_1.pdf> <./figures/chapter4/rq3_god_nd
_logged_2.pdf>] [87 <./figures/chapter4/rq3_td_nd_logged_1.pdf> <./figures/chap
ter4/rq3_td_nd_logged_2.pdf>] [88 <./figures/chapter4/rq3_god_nf_logged_1.pdf> 
<./figures/chapter4/rq3_god_nf_logged_2.pdf>] [89 <./figures/chapter4/rq3_td_nf
_logged_1.pdf> <./figures/chapter4/rq3_td_nf_logged_2.pdf>] [90 <./figures/chap
ter4/rq3_god_entropy_logged_1.pdf> <./figures/chapter4/rq3_god_entropy_logged_2
.pdf>] [91 <./figures/chapter4/rq3_td_entropy_logged_1.pdf> <./figures/chapter4
/rq3_td_entropy_logged_2.pdf>] [92

]
Missing character: There is no Ã in font cmr12!
Missing character: There is no ¤ in font cmr12!
Missing character: There is no Ã in font cmr12!
Missing character: There is no ¤ in font cmr12!
 [93] [94]
Underfull \hbox (badness 1668) in paragraph at lines 162--166
[]\OT1/cmr/m/n/12 R. Mari-nescu.  Mea-sure-ment and qual-ity in object-oriented
 de-
 []

[95] [96] [97] [98])

Package caption Warning: Unused \captionsetup[figure] on input line 314.
See the caption package documentation for explanation.

[99] (./cuthesis_masters.aux) )
(\end occurred inside a group at level 1)

### simple group (level 1) entered at line 407 ({)
### bottom level 
Here is how much of TeX's memory you used:
 28793 strings out of 493014
 598236 string characters out of 6133351
 770167 words of memory out of 5000000
 31809 multiletter control sequences out of 15000+600000
 12800 words of font info for 46 fonts, out of 8000000 for 9000
 1141 hyphenation exceptions out of 8191
 62i,11n,93p,10491b,527s stack positions out of 5000i,500n,10000p,200000b,80000s
</usr/local/texlive/2016/texmf-dist/fonts/type1/public/amsfonts
/cm/cmbx10.pfb></usr/local/texlive/2016/texmf-dist/fonts/type1/public/amsfonts/
cm/cmbx12.pfb></usr/local/texlive/2016/texmf-dist/fonts/type1/public/amsfonts/c
m/cmcsc10.pfb></usr/local/texlive/2016/texmf-dist/fonts/type1/public/amsfonts/c
m/cmex10.pfb></usr/local/texlive/2016/texmf-dist/fonts/type1/public/amsfonts/cm
/cmmi12.pfb></usr/local/texlive/2016/texmf-dist/fonts/type1/public/amsfonts/cm/
cmmi6.pfb></usr/local/texlive/2016/texmf-dist/fonts/type1/public/amsfonts/cm/cm
mi8.pfb></usr/local/texlive/2016/texmf-dist/fonts/type1/public/amsfonts/cm/cmr1
0.pfb></usr/local/texlive/2016/texmf-dist/fonts/type1/public/amsfonts/cm/cmr12.
pfb></usr/local/texlive/2016/texmf-dist/fonts/type1/public/amsfonts/cm/cmr17.pf
b></usr/local/texlive/2016/texmf-dist/fonts/type1/public/amsfonts/cm/cmr6.pfb><
/usr/local/texlive/2016/texmf-dist/fonts/type1/public/amsfonts/cm/cmr7.pfb></us
r/local/texlive/2016/texmf-dist/fonts/type1/public/amsfonts/cm/cmr8.pfb></usr/l
ocal/texlive/2016/texmf-dist/fonts/type1/public/amsfonts/cm/cmsy10.pfb></usr/lo
cal/texlive/2016/texmf-dist/fonts/type1/public/amsfonts/cm/cmti12.pfb></usr/loc
al/texlive/2016/texmf-dist/fonts/type1/public/amsfonts/cm/cmtt12.pfb>
Output written on cuthesis_masters.pdf (112 pages, 8522572 bytes).
PDF statistics:
 974 PDF objects out of 1000 (max. 8388607)
 663 compressed objects within 7 object streams
 0 named destinations out of 1000 (max. 500000)
 314 words of extra memory for PDF output out of 10000 (max. 10000000)

